<?xml version="1.0" encoding="UTF-8"?>
<!-- Generated by org.testng.reporters.JUnitXMLReporter -->
<testsuite ignored="1" hostname="DESKTOP-LV13OB6" failures="0" tests="1" name="Default test" time="17.659" errors="0" timestamp="2023-02-27T23:22:50 IST">
  <testcase classname="rahulshettyacademy.tests.StandAloneTest" name="orderHistoryTest" time="4.025"/>
  <testcase classname="rahulshettyacademy.tests.StandAloneTest" name="submitOrder" time="0.0">
    <ignored/>
  </testcase> <!-- submitOrder -->
</testsuite> <!-- Default test -->
