<?xml version="1.0" encoding="UTF-8"?>
<!-- Generated by org.testng.reporters.JUnitXMLReporter -->
<testsuite ignored="0" hostname="DESKTOP-LV13OB6" failures="0" tests="2" name="Error Validation Test" time="18.059" errors="0" timestamp="2023-03-03T22:53:11 IST">
  <testcase classname="rahulshettyacademy.tests.ErrorValidationsTest" name="loginErrorValidation" time="1.429"/>
  <testcase classname="rahulshettyacademy.tests.ErrorValidationsTest" name="productErrorValidation" time="0.002"/>
</testsuite> <!-- Error Validation Test -->
